Arguments: 
  /Users/alvin/.nvm/versions/node/v14.15.4/bin/node /Users/alvin/.yarn/bin/yarn.js init

PATH: 
  /Users/alvin/.yarn/bin:/Users/alvin/.config/yarn/global/node_modules/.bin:/Users/alvin/.nvm/versions/node/v14.15.4/bin:/usr/local/bin:/usr/bin:/bin:/usr/sbin:/sbin:/usr/local/go/bin:/Library/Apple/usr/bin:/Users/alvin/.yarn/bin:/Users/alvin/.config/yarn/global/node_modules/.bin:/Users/alvin/.nvm/versions/node/v14.15.4/bin:/Users/alvin/Library/Android/sdk/emulator:/Users/alvin/Library/Android/sdk/tools:/Users/alvin/Library/Android/sdk/tools/bin:/Users/alvin/Library/Android/sdk/platform-tools:/Users/alvin/Library/Android/sdk/emulator:/Users/alvin/Library/Android/sdk/tools:/Users/alvin/Library/Android/sdk/tools/bin:/Users/alvin/Library/Android/sdk/platform-tools

Yarn version: 
  1.22.15

Node version: 
  14.15.4

Platform: 
  darwin x64

Trace: 
  Error: canceled
      at Interface.<anonymous> (/Users/alvin/.yarn/lib/cli.js:137145:13)
      at Interface.emit (events.js:315:20)
      at Interface._ttyWrite (readline.js:875:16)
      at ReadStream.onkeypress (readline.js:213:10)
      at ReadStream.emit (events.js:315:20)
      at emitKeys (internal/readline/utils.js:345:14)
      at emitKeys.next (<anonymous>)
      at ReadStream.onData (readline.js:1144:36)
      at ReadStream.emit (events.js:315:20)
      at addChunk (internal/streams/readable.js:309:12)

npm manifest: 
  No manifest

yarn manifest: 
  No manifest

Lockfile: 
  No lockfile
